<?xml version="1.0" encoding="UTF-8"?>
<testsuite name="chapter_4_exercises.BookingSystemTest" tests="1" skipped="0" failures="0" errors="0" timestamp="2020-11-25T13:52:29" hostname="X" time="0.008">
  <properties/>
  <testcase name="Booking system should return list of existing rooms" classname="chapter_4_exercises.BookingSystemTest" time="0.008"/>
  <system-out><![CDATA[]]></system-out>
  <system-err><![CDATA[]]></system-err>
</testsuite>
