<?xml version="1.0" encoding="UTF-8"?>
<testsuite name="chapter_4_exercises.BookingSystemTest" tests="1" skipped="0" failures="0" errors="0" timestamp="2020-11-23T16:17:42" hostname="X" time="0.025">
  <properties/>
  <testcase name="Booking system throw IllegalArgumentException if arguments wont be in range until 1 to 24" classname="chapter_4_exercises.BookingSystemTest" time="0.025"/>
  <system-out><![CDATA[]]></system-out>
  <system-err><![CDATA[]]></system-err>
</testsuite>
