<?xml version="1.0" encoding="UTF-8"?>
<testsuite name="chapter_5_exercises.UserServiceImplTest" tests="1" skipped="0" failures="0" errors="0" timestamp="2020-11-23T11:17:05" hostname="X" time="0.014">
  <properties/>
  <testcase name="userShouldGetNewPassword" classname="chapter_5_exercises.UserServiceImplTest" time="0.014"/>
  <system-out><![CDATA[]]></system-out>
  <system-err><![CDATA[]]></system-err>
</testsuite>
