<?xml version="1.0" encoding="UTF-8"?>
<testsuite name="chapter_5_exercises.booking_system.BookingSystemTest" tests="1" skipped="0" failures="0" errors="0" timestamp="2020-12-03T17:11:21" hostname="X" time="0.29">
  <properties/>
  <testcase name="Booking system should return list of existing rooms" classname="chapter_5_exercises.booking_system.BookingSystemTest" time="0.29"/>
  <system-out><![CDATA[]]></system-out>
  <system-err><![CDATA[]]></system-err>
</testsuite>
