<?xml version="1.0" encoding="UTF-8"?>
<testsuite name="chapter_4_exercises.RegexExerciseTest" tests="1" skipped="0" failures="0" errors="0" timestamp="2020-11-12T14:11:14" hostname="X" time="0.001">
  <properties/>
  <testcase name="MatherMethodShouldFindSequenceOfThreeDigits" classname="chapter_4_exercises.RegexExerciseTest" time="0.001"/>
  <system-out><![CDATA[]]></system-out>
  <system-err><![CDATA[]]></system-err>
</testsuite>
