<?xml version="1.0" encoding="UTF-8"?>
<testsuite name="chapter_5.example_1.RaceResultsServiceTest" tests="1" skipped="0" failures="0" errors="0" timestamp="2020-11-23T13:28:22" hostname="X" time="0.001">
  <properties/>
  <testcase name="unsubscribedSubscriberCantToRemoveSubscription" classname="chapter_5.example_1.RaceResultsServiceTest" time="0.001"/>
  <system-out><![CDATA[]]></system-out>
  <system-err><![CDATA[]]></system-err>
</testsuite>
