<?xml version="1.0" encoding="UTF-8"?>
<testsuite name="chapter_4_exercises.PasswordValidatorTest" tests="1" skipped="0" failures="0" errors="0" timestamp="2021-03-29T06:52:14" hostname="X" time="0.0">
  <properties/>
  <testcase name="passwordIsNotEmpty" classname="chapter_4_exercises.PasswordValidatorTest" time="0.0"/>
  <system-out><![CDATA[]]></system-out>
  <system-err><![CDATA[]]></system-err>
</testsuite>
