<?xml version="1.0" encoding="UTF-8"?>
<testsuite name="com.raywenderlich.android.cocktails.game.model.QuestionUnitTests" tests="1" skipped="0" failures="0" errors="0" timestamp="2020-07-08T13:38:28" hostname="z" time="0.004">
  <properties/>
  <testcase name="whenCreatingQuestion_shouldNotHaveAnsweredOption" classname="com.raywenderlich.android.cocktails.game.model.QuestionUnitTests" time="0.004"/>
  <system-out><![CDATA[]]></system-out>
  <system-err><![CDATA[]]></system-err>
</testsuite>
