<?xml version="1.0" encoding="UTF-8"?>
<testsuite name="com.raywenderlich.android.cocktails.game.model.GameUnitTests" tests="3" skipped="0" failures="0" errors="0" timestamp="2020-07-08T13:38:29" hostname="z" time="0.003">
  <properties/>
  <testcase name="whenIncrementingScore_shouldIncrementCurrentScore" classname="com.raywenderlich.android.cocktails.game.model.GameUnitTests" time="0.001"/>
  <testcase name="whenIncrementingScore_aboveHighScore_shouldAlsoIncrementHighScore" classname="com.raywenderlich.android.cocktails.game.model.GameUnitTests" time="0.0"/>
  <testcase name="whenIncrementingScore_belowHighScore_shouldNotIncrementHighScore" classname="com.raywenderlich.android.cocktails.game.model.GameUnitTests" time="0.001"/>
  <system-out><![CDATA[]]></system-out>
  <system-err><![CDATA[]]></system-err>
</testsuite>
