<?xml version="1.0" encoding="UTF-8"?>
<testsuite name="chapter_3_exercises.StringReverseTest" tests="3" skipped="0" failures="0" errors="0" timestamp="2020-10-21T09:21:41" hostname="X" time="0.002">
  <properties/>
  <testcase name="methodReverseShouldWorksWithPlainStrings(Hello) [0]" classname="chapter_3_exercises.StringReverseTest" time="0.001"/>
  <testcase name="methodReverseShouldWorksWithPlainStrings(123) [1]" classname="chapter_3_exercises.StringReverseTest" time="0.0"/>
  <testcase name="methodReverseShouldWorksWithPlainStrings(~!@#$%^&amp;*[]_+) [2]" classname="chapter_3_exercises.StringReverseTest" time="0.0"/>
  <system-out><![CDATA[]]></system-out>
  <system-err><![CDATA[]]></system-err>
</testsuite>
