<?xml version="1.0" encoding="UTF-8"?>
<testsuite name="chapter_3_exercises.StringReverseTest" tests="2" skipped="0" failures="0" errors="0" timestamp="2020-10-19T09:08:31" hostname="X" time="0.002">
  <properties/>
  <testcase name="methodReverseShouldThrowIAEForInvalidString() [0]" classname="chapter_3_exercises.StringReverseTest" time="0.001"/>
  <testcase name="methodReverseShouldThrowIAEForInvalidString(null) [1]" classname="chapter_3_exercises.StringReverseTest" time="0.0"/>
  <system-out><![CDATA[]]></system-out>
  <system-err><![CDATA[]]></system-err>
</testsuite>
