<?xml version="1.0" encoding="UTF-8"?>
<testsuite name="chapter_4_exercises.PasswordValidatorTest" tests="1" skipped="0" failures="0" errors="0" timestamp="2020-10-26T11:08:53" hostname="X" time="0.001">
  <properties/>
  <testcase name="passWordDoesntContainSpaces" classname="chapter_4_exercises.PasswordValidatorTest" time="0.001"/>
  <system-out><![CDATA[]]></system-out>
  <system-err><![CDATA[]]></system-err>
</testsuite>
