<?xml version="1.0" encoding="UTF-8"?>
<testsuite name="chapter_4_exercises.PasswordValidatorTest" tests="2" skipped="0" failures="0" errors="0" timestamp="2020-10-28T11:33:55" hostname="X" time="0.001">
  <properties/>
  <testcase name="passwordShouldContainAtLeastOneDigit(Hello123!_) [0]" classname="chapter_4_exercises.PasswordValidatorTest" time="0.0"/>
  <testcase name="passwordShouldContainAtLeastOneDigit(Hello_World1!) [1]" classname="chapter_4_exercises.PasswordValidatorTest" time="0.0"/>
  <system-out><![CDATA[]]></system-out>
  <system-err><![CDATA[]]></system-err>
</testsuite>
