<?xml version="1.0" encoding="UTF-8"?>
<testsuite name="chapter_3.MoneyIAETest" tests="5" skipped="0" failures="0" errors="0" timestamp="2020-10-17T19:35:18" hostname="X" time="0.028">
  <properties/>
  <testcase name="constructorShouldThrowIAEForInvalidCurrency(null) [0]" classname="chapter_3.MoneyIAETest" time="0.015"/>
  <testcase name="constructorShouldThrowIAEForInvalidCurrency() [1]" classname="chapter_3.MoneyIAETest" time="0.002"/>
  <testcase name="constructorShouldThrowIAEForInvalidAmount(-12387) [0]" classname="chapter_3.MoneyIAETest" time="0.008"/>
  <testcase name="constructorShouldThrowIAEForInvalidAmount(-5) [1]" classname="chapter_3.MoneyIAETest" time="0.0"/>
  <testcase name="constructorShouldThrowIAEForInvalidAmount(-1) [2]" classname="chapter_3.MoneyIAETest" time="0.001"/>
  <system-out><![CDATA[]]></system-out>
  <system-err><![CDATA[]]></system-err>
</testsuite>
