<?xml version="1.0" encoding="UTF-8"?>
<testsuite name="com.raywenderlich.android.punchline.JokeServiceTestUsingMockWebServer" tests="2" skipped="0" failures="0" errors="0" timestamp="2021-04-20T12:55:10" hostname="X" time="0.141">
  <properties/>
  <testcase name="getRandomJokeGetsRandomJokeJson" classname="com.raywenderlich.android.punchline.JokeServiceTestUsingMockWebServer" time="0.133"/>
  <testcase name="getRandomJokeEmitsJoke" classname="com.raywenderlich.android.punchline.JokeServiceTestUsingMockWebServer" time="0.008"/>
  <system-out><![CDATA[]]></system-out>
  <system-err><![CDATA[Apr 20, 2021 3:55:10 PM okhttp3.mockwebserver.MockWebServer$2 execute
INFO: MockWebServer[44069] starting to accept connections
Apr 20, 2021 3:55:10 PM okhttp3.mockwebserver.MockWebServer$3 processOneRequest
INFO: MockWebServer[44069] received request: GET /random_joke.json HTTP/1.1 and responded: HTTP/1.1 200 OK
Apr 20, 2021 3:55:10 PM okhttp3.mockwebserver.MockWebServer$2 acceptConnections
INFO: MockWebServer[44069] done accepting connections: Socket closed
Apr 20, 2021 3:55:10 PM okhttp3.mockwebserver.MockWebServer$2 execute
INFO: MockWebServer[55567] starting to accept connections
Apr 20, 2021 3:55:10 PM okhttp3.mockwebserver.MockWebServer$3 processOneRequest
INFO: MockWebServer[55567] received request: GET /random_joke.json HTTP/1.1 and responded: HTTP/1.1 200 OK
Apr 20, 2021 3:55:10 PM okhttp3.mockwebserver.MockWebServer$2 acceptConnections
INFO: MockWebServer[55567] done accepting connections: Socket closed
]]></system-err>
</testsuite>
