<?xml version='1.0' encoding='UTF-8' ?>
<testsuite name="com.raywenderlich.android.punchline.JokeTest" tests="4" failures="0" errors="0" skipped="0" time="20.504" timestamp="2021-04-20T12:57:29" hostname="localhost">
  <properties>
    <property name="device" value="Pixel_2_API_29(AVD) - 10" />
    <property name="flavor" value="" />
    <property name="project" value="app" />
  </properties>
  <testcase name="jokeReturnsJoke" classname="com.raywenderlich.android.punchline.JokeTest" time="0.005" />
  <testcase name="onLaunchButtonIsDisplayed" classname="com.raywenderlich.android.punchline.MainActivityTest" time="6.207" />
  <testcase name="onLaunchJokeIsDisplayed" classname="com.raywenderlich.android.punchline.MainActivityTest" time="0.378" />
  <testcase name="onButtonClickNewJokeIsDisplayed" classname="com.raywenderlich.android.punchline.MainActivityTest" time="1.937" />
</testsuite>