<?xml version="1.0" encoding="UTF-8"?>
<testsuite name="com.raywenderlich.android.punchline.JokeTest" tests="1" skipped="0" failures="0" errors="0" timestamp="2021-04-20T12:55:05" hostname="X" time="0.013">
  <properties/>
  <testcase name="jokeReturnsJoke" classname="com.raywenderlich.android.punchline.JokeTest" time="0.013"/>
  <system-out><![CDATA[]]></system-out>
  <system-err><![CDATA[]]></system-err>
</testsuite>
