<?xml version="1.0" encoding="UTF-8"?>
<testsuite name="com.raywenderlich.android.punchline.JokeServiceTestUsingMockWebServer" tests="2" skipped="0" failures="0" errors="0" timestamp="2021-04-20T12:55:04" hostname="X" time="0.55">
  <properties/>
  <testcase name="getRandomJokeGetsRandomJokeJson" classname="com.raywenderlich.android.punchline.JokeServiceTestUsingMockWebServer" time="0.54"/>
  <testcase name="getRandomJokeEmitsJoke" classname="com.raywenderlich.android.punchline.JokeServiceTestUsingMockWebServer" time="0.009"/>
  <system-out><![CDATA[]]></system-out>
  <system-err><![CDATA[Apr 20, 2021 3:55:04 PM okhttp3.mockwebserver.MockWebServer$2 execute
INFO: MockWebServer[40813] starting to accept connections
Apr 20, 2021 3:55:04 PM okhttp3.mockwebserver.MockWebServer$3 processOneRequest
INFO: MockWebServer[40813] received request: GET /random_joke.json HTTP/1.1 and responded: HTTP/1.1 200 OK
Apr 20, 2021 3:55:04 PM okhttp3.mockwebserver.MockWebServer$2 acceptConnections
INFO: MockWebServer[40813] done accepting connections: Socket closed
Apr 20, 2021 3:55:04 PM okhttp3.mockwebserver.MockWebServer$2 execute
INFO: MockWebServer[49907] starting to accept connections
Apr 20, 2021 3:55:04 PM okhttp3.mockwebserver.MockWebServer$3 processOneRequest
INFO: MockWebServer[49907] received request: GET /random_joke.json HTTP/1.1 and responded: HTTP/1.1 200 OK
Apr 20, 2021 3:55:04 PM okhttp3.mockwebserver.MockWebServer$2 acceptConnections
INFO: MockWebServer[49907] done accepting connections: Socket closed
]]></system-err>
</testsuite>
