<?xml version="1.0" encoding="UTF-8"?>
<testsuite name="com.raywenderlich.android.punchline.JokeServiceTestMockingService" tests="1" skipped="0" failures="0" errors="0" timestamp="2021-04-20T12:55:04" hostname="X" time="0.0">
  <properties/>
  <testcase name="getRandomJokeEmitsJoke" classname="com.raywenderlich.android.punchline.JokeServiceTestMockingService" time="0.0"/>
  <system-out><![CDATA[]]></system-out>
  <system-err><![CDATA[]]></system-err>
</testsuite>
